<?xml version="1.0" encoding="UTF-8"?>
<testsuites name="Mocha Tests" time="4.3970" tests="1" failures="0">
  <testsuite name="Root Suite" timestamp="2022-07-01T07:23:56" tests="0" file="cypress\e2e\api-test\search.cy.js" time="0.0000" failures="0">
  </testsuite>
  <testsuite name="env testing" timestamp="2022-07-01T07:23:56" tests="1" time="4.3970" failures="0">
    <testcase name="env testing test different env" time="4.3970" classname="test different env">
    </testcase>
  </testsuite>
</testsuites>