<?xml version="1.0" encoding="UTF-8"?>
<testsuites name="Mocha Tests" time="0.0420" tests="3" failures="0">
  <testsuite name="Root Suite" timestamp="2022-07-01T07:23:41" tests="0" file="cypress\e2e\api-test\employeeTest.cy.js" time="0.0000" failures="0">
  </testsuite>
  <testsuite name="employees API" timestamp="2022-07-01T07:23:41" tests="3" time="0.0420" failures="0">
    <testcase name="employees API verify request returns JSON" time="0.0170" classname="verify request returns JSON">
    </testcase>
    <testcase name="employees API verify the request returns the correct status code" time="0.0120" classname="verify the request returns the correct status code">
    </testcase>
    <testcase name="employees API verify the request returns 50 items" time="0.0130" classname="verify the request returns 50 items">
    </testcase>
  </testsuite>
</testsuites>